0087x0083.4.uint08.jpg
0087x0083.4.uint08.png
0087x0083.4.uint08.tiff
0017x0071.3.uint08.jpg
0017x0071.3.uint08.png
0017x0071.3.uint08.tiff
0088x0056.1.uint08.jpg
0088x0056.1.uint08.png
0088x0056.1.uint08.tiff
0025x0064.4.sint08.jpg
0025x0064.4.sint08.png
0025x0064.4.sint08.tiff
0042x0076.3.sint08.jpg
0042x0076.3.sint08.png
0042x0076.3.sint08.tiff
0092x0080.1.sint08.jpg
0092x0080.1.sint08.png
0092x0080.1.sint08.tiff
0086x0053.4.uint16.jpg
0086x0053.4.uint16.png
0086x0053.4.uint16.tiff
0058x0096.3.uint16.jpg
0058x0096.3.uint16.png
0058x0096.3.uint16.tiff
0017x0013.1.uint16.jpg
0017x0013.1.uint16.png
0017x0013.1.uint16.tiff
0069x0039.4.sint16.jpg
0069x0039.4.sint16.png
0069x0039.4.sint16.tiff
0089x0058.3.sint16.jpg
0089x0058.3.sint16.png
0089x0058.3.sint16.tiff
0054x0078.1.sint16.jpg
0054x0078.1.sint16.png
0054x0078.1.sint16.tiff
0081x0024.4.sint32.jpg
0081x0024.4.sint32.png
0081x0024.4.sint32.tiff
0055x0073.3.sint32.jpg
0055x0073.3.sint32.png
0055x0073.3.sint32.tiff
0067x0096.1.sint32.jpg
0067x0096.1.sint32.png
0067x0096.1.sint32.tiff
0012x0017.4.real32.jpg
0012x0017.4.real32.png
0012x0017.4.real32.tiff
0087x0067.3.real32.jpg
0087x0067.3.real32.png
0087x0067.3.real32.tiff
0079x0064.1.real32.jpg
0079x0064.1.real32.png
0079x0064.1.real32.tiff
0020x0088.4.real64.jpg
0020x0088.4.real64.png
0020x0088.4.real64.tiff
0073x0093.3.real64.jpg
0073x0093.3.real64.png
0073x0093.3.real64.tiff
0051x0061.1.real64.jpg
0051x0061.1.real64.png
0051x0061.1.real64.tiff
